$VAR1 = {
          'Items' => [
                       {
                         'SubPlanCode' => 'ACCT-MAJ',
                         'Units' => '48',
                         'Name' => 'Accounting',
                         'SubplanType' => 'MAJ'
                       },
                       {
                         'SubPlanCode' => 'AGRK-MAJ',
                         'Units' => '48',
                         'Name' => 'Ancient Greek',
                         'SubplanType' => 'MAJ'
                       },
                       {
                         'SubPlanCode' => 'ANCH-MAJ',
                         'Units' => '48',
                         'Name' => 'Ancient History',
                         'SubplanType' => 'MAJ'
                       },
                       {
                         'SubPlanCode' => 'ANVI-MAJ',
                         'Units' => '48',
                         'Name' => 'Animation and Video Major',
                         'SubplanType' => 'MAJ'
                       },
                       {
                         'SubPlanCode' => 'ANTH-MAJ',
                         'Units' => '48',
                         'Name' => 'Anthropology',
                         'SubplanType' => 'MAJ'
                       },
                       {
                         'SubPlanCode' => 'ARAB-MAJ',
                         'Units' => '48',
                         'Name' => 'Arabic',
                         'SubplanType' => 'MAJ'
                       },
                       {
                         'SubPlanCode' => 'ARCP-MAJ',
                         'Units' => '48',
                         'Name' => 'Archaeological Practice',
                         'SubplanType' => 'MAJ'
                       },
                       {
                         'SubPlanCode' => 'ARCH-MAJ',
                         'Units' => '48',
                         'Name' => 'Archaeology',
                         'SubplanType' => 'MAJ'
                       },
                       {
                         'SubPlanCode' => 'ARTH-MAJ',
                         'Units' => '48',
                         'Name' => 'Art History',
                         'SubplanType' => 'MAJ'
                       },
                       {
                         'SubPlanCode' => 'ARTT-MAJ',
                         'Units' => '48',
                         'Name' => 'Art Theory',
                         'SubplanType' => 'MAJ'
                       },
                       {
                         'SubPlanCode' => 'ASPP-MAJ',
                         'Units' => '48',
                         'Name' => 'Asia-Pacific Politics',
                         'SubplanType' => 'MAJ'
                       },
                       {
                         'SubPlanCode' => 'SECU-MAJ',
                         'Units' => '48',
                         'Name' => 'Asia-Pacific Security Studies',
                         'SubplanType' => 'MAJ'
                       },
                       {
                         'SubPlanCode' => 'ASAH-MAJ',
                         'Units' => '48',
                         'Name' => 'Asian Art History',
                         'SubplanType' => 'MAJ'
                       },
                       {
                         'SubPlanCode' => 'AHIST-MAJ',
                         'Units' => '48',
                         'Name' => 'Asian History',
                         'SubplanType' => 'MAJ'
                       },
                       {
                         'SubPlanCode' => 'AREL-MAJ',
                         'Units' => '48',
                         'Name' => 'Asian Religions',
                         'SubplanType' => 'MAJ'
                       },
                       {
                         'SubPlanCode' => 'BIAN-MAJ',
                         'Units' => '48',
                         'Name' => 'Biological Anthropology',
                         'SubplanType' => 'MAJ'
                       },
                       {
                         'SubPlanCode' => 'BIOL-MAJ',
                         'Units' => '48',
                         'Name' => 'Biology',
                         'SubplanType' => 'MAJ'
                       },
                       {
                         'SubPlanCode' => 'BUSN-MAJ',
                         'Units' => '48',
                         'Name' => 'Business Information Systems',
                         'SubplanType' => 'MAJ'
                       },
                       {
                         'SubPlanCode' => 'CPMK-MAJ',
                         'Units' => '48',
                         'Name' => 'Capital Markets',
                         'SubplanType' => 'MAJ'
                       },
                       {
                         'SubPlanCode' => 'CERM-MAJ',
                         'Units' => '48',
                         'Name' => 'Ceramics',
                         'SubplanType' => 'MAJ'
                       },
                       {
                         'SubPlanCode' => 'CDAR-MAJ',
                         'Units' => '48',
                         'Name' => 'Ceramics Design Arts',
                         'SubplanType' => 'MAJ'
                       },
                       {
                         'SubPlanCode' => 'CHEM-MAJ',
                         'Units' => '48',
                         'Name' => 'Chemistry',
                         'SubplanType' => 'MAJ'
                       },
                       {
                         'SubPlanCode' => 'CHIN-MAJ',
                         'Units' => '48',
                         'Name' => 'Chinese Language',
                         'SubplanType' => 'MAJ'
                       },
                       {
                         'SubPlanCode' => 'CHST-MAJ',
                         'Units' => '48',
                         'Name' => 'Chinese Studies',
                         'SubplanType' => 'MAJ'
                       },
                       {
                         'SubPlanCode' => 'COMPF-MAJ',
                         'Units' => '48',
                         'Name' => 'Computational Foundations',
                         'SubplanType' => 'MAJ'
                       },
                       {
                         'SubPlanCode' => 'CENG-MAJ',
                         'Units' => '48',
                         'Name' => 'Computer Engineering',
                         'SubplanType' => 'MAJ'
                       },
                       {
                         'SubPlanCode' => 'CSCI-MAJ',
                         'Units' => '48',
                         'Name' => 'Computer Science',
                         'SubplanType' => 'MAJ'
                       },
                       {
                         'SubPlanCode' => 'COMS-MAJ',
                         'Units' => '48',
                         'Name' => 'Computer Systems',
                         'SubplanType' => 'MAJ'
                       },
                       {
                         'SubPlanCode' => 'COAS-MAJ',
                         'Units' => '48',
                         'Name' => 'Contemporary Asian Societies',
                         'SubplanType' => 'MAJ'
                       },
                       {
                         'SubPlanCode' => 'EURO-MAJ',
                         'Units' => '48',
                         'Name' => 'Contemporary Europe',
                         'SubplanType' => 'MAJ'
                       },
                       {
                         'SubPlanCode' => 'CFIM-MAJ',
                         'Units' => '48',
                         'Name' => 'Corporate Finance and Investment Management',
                         'SubplanType' => 'MAJ'
                       },
                       {
                         'SubPlanCode' => 'CORP-MAJ',
                         'Units' => '48',
                         'Name' => 'Corporate Sustainability',
                         'SubplanType' => 'MAJ'
                       },
                       {
                         'SubPlanCode' => 'CPPR-MAJ',
                         'Units' => '48',
                         'Name' => 'Creative and Professional Practice',
                         'SubplanType' => 'MAJ'
                       },
                       {
                         'SubPlanCode' => 'CRIM-MAJ',
                         'Units' => '48',
                         'Name' => 'Criminology',
                         'SubplanType' => 'MAJ'
                       },
                       {
                         'SubPlanCode' => 'DEST-MAJ',
                         'Units' => '48',
                         'Name' => 'Development Studies',
                         'SubplanType' => 'MAJ'
                       },
                       {
                         'SubPlanCode' => 'DIGS-MAJ',
                         'Units' => '48',
                         'Name' => 'Digital Systems',
                         'SubplanType' => 'MAJ'
                       },
                       {
                         'SubPlanCode' => 'EART-MAJ',
                         'Units' => '48',
                         'Name' => 'Earth Science',
                         'SubplanType' => 'MAJ'
                       },
                       {
                         'SubPlanCode' => 'ELTS-MAJ',
                         'Units' => '48',
                         'Name' => 'Electronic Systems',
                         'SubplanType' => 'MAJ'
                       },
                       {
                         'SubPlanCode' => 'ELCO-MAJ',
                         'Units' => '48',
                         'Name' => 'Electronic and Communication Systems',
                         'SubplanType' => 'MAJ'
                       },
                       {
                         'SubPlanCode' => 'ENGS-MAJ',
                         'Units' => '48',
                         'Name' => 'Engineering Science',
                         'SubplanType' => 'MAJ'
                       },
                       {
                         'SubPlanCode' => 'ENGL-MAJ',
                         'Units' => '48',
                         'Name' => 'English',
                         'SubplanType' => 'MAJ'
                       },
                       {
                         'SubPlanCode' => 'ENST-MAJ',
                         'Units' => '48',
                         'Name' => 'Environmental Studies',
                         'SubplanType' => 'MAJ'
                       },
                       {
                         'SubPlanCode' => 'ENSY-MAJ',
                         'Units' => '48',
                         'Name' => 'Environmental Systems',
                         'SubplanType' => 'MAJ'
                       },
                       {
                         'SubPlanCode' => 'EALS-MAJ',
                         'Units' => '48',
                         'Name' => 'Environmental and Landscape Sciences',
                         'SubplanType' => 'MAJ'
                       },
                       {
                         'SubPlanCode' => 'EHIS-MAJ',
                         'Units' => '48',
                         'Name' => 'European History',
                         'SubplanType' => 'MAJ'
                       },
                       {
                         'SubPlanCode' => 'FANM-MAJ',
                         'Units' => '48',
                         'Name' => 'Film and New Media',
                         'SubplanType' => 'MAJ'
                       },
                       {
                         'SubPlanCode' => 'FINM-MAJ',
                         'Units' => '48',
                         'Name' => 'Finance',
                         'SubplanType' => 'MAJ'
                       },
                       {
                         'SubPlanCode' => 'FREN-MAJ',
                         'Units' => '48',
                         'Name' => 'French Language and Culture',
                         'SubplanType' => 'MAJ'
                       },
                       {
                         'SubPlanCode' => 'FURN-MAJ',
                         'Units' => '48',
                         'Name' => 'Furniture',
                         'SubplanType' => 'MAJ'
                       },
                       {
                         'SubPlanCode' => 'FDAR-MAJ',
                         'Units' => '48',
                         'Name' => 'Furniture Design Arts',
                         'SubplanType' => 'MAJ'
                       },
                       {
                         'SubPlanCode' => 'GEND-MAJ',
                         'Units' => '48',
                         'Name' => 'Gender, Sexuality and Culture',
                         'SubplanType' => 'MAJ'
                       },
                       {
                         'SubPlanCode' => 'GEOG-MAJ',
                         'Units' => '48',
                         'Name' => 'Geography',
                         'SubplanType' => 'MAJ'
                       },
                       {
                         'SubPlanCode' => 'GERM-MAJ',
                         'Units' => '48',
                         'Name' => 'German Language and Culture',
                         'SubplanType' => 'MAJ'
                       },
                       {
                         'SubPlanCode' => 'GLAS-MAJ',
                         'Units' => '48',
                         'Name' => 'Glass',
                         'SubplanType' => 'MAJ'
                       },
                       {
                         'SubPlanCode' => 'GDAR-MAJ',
                         'Units' => '48',
                         'Name' => 'Glass Design Arts',
                         'SubplanType' => 'MAJ'
                       },
                       {
                         'SubPlanCode' => 'GSDA-MAJ',
                         'Units' => '48',
                         'Name' => 'Gold & Silversmithing Design Arts',
                         'SubplanType' => 'MAJ'
                       },
                       {
                         'SubPlanCode' => 'GOLD-MAJ',
                         'Units' => '48',
                         'Name' => 'Gold and Silversmithing',
                         'SubplanType' => 'MAJ'
                       },
                       {
                         'SubPlanCode' => 'HIND-MAJ',
                         'Units' => '48',
                         'Name' => 'Hindi Language',
                         'SubplanType' => 'MAJ'
                       },
                       {
                         'SubPlanCode' => 'HIST-MAJ',
                         'Units' => '48',
                         'Name' => 'History',
                         'SubplanType' => 'MAJ'
                       },
                       {
                         'SubPlanCode' => 'HCCP-MAJ',
                         'Units' => '48',
                         'Name' => 'Human-Centric Computing',
                         'SubplanType' => 'MAJ'
                       },
                       {
                         'SubPlanCode' => 'INDN-MAJ',
                         'Units' => '48',
                         'Name' => 'Indonesian Language',
                         'SubplanType' => 'MAJ'
                       },
                       {
                         'SubPlanCode' => 'INST-MAJ',
                         'Units' => '48',
                         'Name' => 'Indonesian Studies',
                         'SubplanType' => 'MAJ'
                       },
                       {
                         'SubPlanCode' => 'INFS-MAJ',
                         'Units' => '48',
                         'Name' => 'Information Systems',
                         'SubplanType' => 'MAJ'
                       },
                       {
                         'SubPlanCode' => 'IICP-MAJ',
                         'Units' => '48',
                         'Name' => 'Information-Intensive Computing',
                         'SubplanType' => 'MAJ'
                       },
                       {
                         'SubPlanCode' => 'INTL-MAJ',
                         'Units' => '48',
                         'Name' => 'Intelligent Systems',
                         'SubplanType' => 'MAJ'
                       },
                       {
                         'SubPlanCode' => 'INSC-MAJ',
                         'Units' => '48',
                         'Name' => 'Interdisciplinary Science',
                         'SubplanType' => 'MAJ'
                       },
                       {
                         'SubPlanCode' => 'INTB-MAJ',
                         'Units' => '48',
                         'Name' => 'International Business',
                         'SubplanType' => 'MAJ'
                       },
                       {
                         'SubPlanCode' => 'ICOM-MAJ',
                         'Units' => '48',
                         'Name' => 'International Communication',
                         'SubplanType' => 'MAJ'
                       },
                       {
                         'SubPlanCode' => 'IREL-MAJ',
                         'Units' => '48',
                         'Name' => 'International Relations',
                         'SubplanType' => 'MAJ'
                       },
                       {
                         'SubPlanCode' => 'ITAL-MAJ',
                         'Units' => '48',
                         'Name' => 'Italian Language and Culture',
                         'SubplanType' => 'MAJ'
                       },
                       {
                         'SubPlanCode' => 'JPNS-MAJ',
                         'Units' => '48',
                         'Name' => 'Japanese Language',
                         'SubplanType' => 'MAJ'
                       },
                       {
                         'SubPlanCode' => 'JPLN-MAJ',
                         'Units' => '48',
                         'Name' => 'Japanese Linguistics',
                         'SubplanType' => 'MAJ'
                       },
                       {
                         'SubPlanCode' => 'JPST-MAJ',
                         'Units' => '48',
                         'Name' => 'Japanese Studies',
                         'SubplanType' => 'MAJ'
                       },
                       {
                         'SubPlanCode' => 'KORE-MAJ',
                         'Units' => '48',
                         'Name' => 'Korean Language',
                         'SubplanType' => 'MAJ'
                       },
                       {
                         'SubPlanCode' => 'LATN-MAJ',
                         'Units' => '48',
                         'Name' => 'Latin',
                         'SubplanType' => 'MAJ'
                       },
                       {
                         'SubPlanCode' => 'LAMS-MAJ',
                         'Units' => '48',
                         'Name' => 'Latin American Studies',
                         'SubplanType' => 'MAJ'
                       },
                       {
                         'SubPlanCode' => 'LING-MAJ',
                         'Units' => '48',
                         'Name' => 'Linguistics',
                         'SubplanType' => 'MAJ'
                       },
                       {
                         'SubPlanCode' => 'MGMT-MAJ',
                         'Units' => '48',
                         'Name' => 'Management',
                         'SubplanType' => 'MAJ'
                       },
                       {
                         'SubPlanCode' => 'MARS-MAJ',
                         'Units' => '48',
                         'Name' => 'Marine Science',
                         'SubplanType' => 'MAJ'
                       },
                       {
                         'SubPlanCode' => 'MARK-MAJ',
                         'Units' => '48',
                         'Name' => 'Marketing',
                         'SubplanType' => 'MAJ'
                       },
                       {
                         'SubPlanCode' => 'MATS-MAJ',
                         'Units' => '48',
                         'Name' => 'Materials and Mechanical Systems',
                         'SubplanType' => 'MAJ'
                       },
                       {
                         'SubPlanCode' => 'MECO-MAJ',
                         'Units' => '48',
                         'Name' => 'Mathematical Economics',
                         'SubplanType' => 'MAJ'
                       },
                       {
                         'SubPlanCode' => 'MFIN-MAJ',
                         'Units' => '48',
                         'Name' => 'Mathematical Finance',
                         'SubplanType' => 'MAJ'
                       },
                       {
                         'SubPlanCode' => 'MMOD-MAJ',
                         'Units' => '48',
                         'Name' => 'Mathematical Modelling',
                         'SubplanType' => 'MAJ'
                       },
                       {
                         'SubPlanCode' => 'MATH-MAJ',
                         'Units' => '48',
                         'Name' => 'Mathematics',
                         'SubplanType' => 'MAJ'
                       },
                       {
                         'SubPlanCode' => 'MMSY-MAJ',
                         'Units' => '48',
                         'Name' => 'Mechanical and Material Systems',
                         'SubplanType' => 'MAJ'
                       },
                       {
                         'SubPlanCode' => 'MTSY-MAJ',
                         'Units' => '48',
                         'Name' => 'Mechatronic Systems',
                         'SubplanType' => 'MAJ'
                       },
                       {
                         'SubPlanCode' => 'MECA-MAJ',
                         'Units' => '48',
                         'Name' => 'Middle Eastern and Central Asian Studies',
                         'SubplanType' => 'MAJ'
                       },
                       {
                         'SubPlanCode' => 'MUSC-MAJ',
                         'Units' => '48',
                         'Name' => 'Music',
                         'SubplanType' => 'MAJ'
                       },
                       {
                         'SubPlanCode' => 'MUSI-MAJ',
                         'Units' => '48',
                         'Name' => 'Music Inquiry',
                         'SubplanType' => 'MAJ'
                       },
                       {
                         'SubPlanCode' => 'MUSP-MAJ',
                         'Units' => '48',
                         'Name' => 'Music Practice',
                         'SubplanType' => 'MAJ'
                       },
                       {
                         'SubPlanCode' => 'NRMG-MAJ',
                         'Units' => '48',
                         'Name' => 'Natural Resource Management',
                         'SubplanType' => 'MAJ'
                       },
                       {
                         'SubPlanCode' => 'NAST-MAJ',
                         'Units' => '48',
                         'Name' => 'Northeast Asian Studies',
                         'SubplanType' => 'MAJ'
                       },
                       {
                         'SubPlanCode' => 'PALG-MAJ',
                         'Units' => '48',
                         'Name' => 'Pacific Languages',
                         'SubplanType' => 'MAJ'
                       },
                       {
                         'SubPlanCode' => 'PAST-MAJ',
                         'Units' => '48',
                         'Name' => 'Pacific Studies',
                         'SubplanType' => 'MAJ'
                       },
                       {
                         'SubPlanCode' => 'PAIN-MAJ',
                         'Units' => '48',
                         'Name' => 'Painting',
                         'SubplanType' => 'MAJ'
                       },
                       {
                         'SubPlanCode' => 'PCWS-MAJ',
                         'Units' => '48',
                         'Name' => 'Peace, Conflict & War Studies',
                         'SubplanType' => 'MAJ'
                       },
                       {
                         'SubPlanCode' => 'PERF-MAJ',
                         'Units' => '48',
                         'Name' => 'Performance',
                         'SubplanType' => 'MAJ'
                       },
                       {
                         'SubPlanCode' => 'PERS-MAJ',
                         'Units' => '48',
                         'Name' => 'Persian',
                         'SubplanType' => 'MAJ'
                       },
                       {
                         'SubPlanCode' => 'PHIL-MAJ',
                         'Units' => '48',
                         'Name' => 'Philosophy',
                         'SubplanType' => 'MAJ'
                       },
                       {
                         'SubPlanCode' => 'PHOM-MAJ',
                         'Units' => '48',
                         'Name' => 'Photomedia',
                         'SubplanType' => 'MAJ'
                       },
                       {
                         'SubPlanCode' => 'PHOT-MAJ',
                         'Units' => '48',
                         'Name' => 'Photonic Systems',
                         'SubplanType' => 'MAJ'
                       },
                       {
                         'SubPlanCode' => 'PHYS-MAJ',
                         'Units' => '48',
                         'Name' => 'Physics',
                         'SubplanType' => 'MAJ'
                       },
                       {
                         'SubPlanCode' => 'POLS-MAJ',
                         'Units' => '48',
                         'Name' => 'Political Science',
                         'SubplanType' => 'MAJ'
                       },
                       {
                         'SubPlanCode' => 'PMDR-MAJ',
                         'Units' => '48',
                         'Name' => 'Printmedia and Drawing',
                         'SubplanType' => 'MAJ'
                       },
                       {
                         'SubPlanCode' => 'PSYC-MAJ',
                         'Units' => '48',
                         'Name' => 'Psychology',
                         'SubplanType' => 'MAJ'
                       },
                       {
                         'SubPlanCode' => 'QFIN-MAJ',
                         'Units' => '48',
                         'Name' => 'Quantitative Finance',
                         'SubplanType' => 'MAJ'
                       },
                       {
                         'SubPlanCode' => 'RENE-MAJ',
                         'Units' => '48',
                         'Name' => 'Renewable Energy Systems',
                         'SubplanType' => 'MAJ'
                       },
                       {
                         'SubPlanCode' => 'RSCC-MAJ',
                         'Units' => '48',
                         'Name' => 'Research and Development',
                         'SubplanType' => 'MAJ'
                       },
                       {
                         'SubPlanCode' => 'RSCE-MAJ',
                         'Units' => '48',
                         'Name' => 'Research and Development',
                         'SubplanType' => 'MAJ'
                       },
                       {
                         'SubPlanCode' => 'SANS-MAJ',
                         'Units' => '48',
                         'Name' => 'Sanskrit Language',
                         'SubplanType' => 'MAJ'
                       },
                       {
                         'SubPlanCode' => 'SCOM-MAJ',
                         'Units' => '48',
                         'Name' => 'Science Communication',
                         'SubplanType' => 'MAJ'
                       },
                       {
                         'SubPlanCode' => 'SCUL-MAJ',
                         'Units' => '48',
                         'Name' => 'Sculpture',
                         'SubplanType' => 'MAJ'
                       },
                       {
                         'SubPlanCode' => 'SDAR-MAJ',
                         'Units' => '48',
                         'Name' => 'Sculpture Design Arts',
                         'SubplanType' => 'MAJ'
                       },
                       {
                         'SubPlanCode' => 'SOCY-MAJ',
                         'Units' => '48',
                         'Name' => 'Sociology',
                         'SubplanType' => 'MAJ'
                       },
                       {
                         'SubPlanCode' => 'SOFT-MAJ',
                         'Units' => '48',
                         'Name' => 'Software Development',
                         'SubplanType' => 'MAJ'
                       },
                       {
                         'SubPlanCode' => 'SAST-MAJ',
                         'Units' => '48',
                         'Name' => 'South Asian Studies',
                         'SubplanType' => 'MAJ'
                       },
                       {
                         'SubPlanCode' => 'SEAS-MAJ',
                         'Units' => '48',
                         'Name' => 'Southeast Asian Studies',
                         'SubplanType' => 'MAJ'
                       },
                       {
                         'SubPlanCode' => 'SPAN-MAJ',
                         'Units' => '48',
                         'Name' => 'Spanish Language and Culture',
                         'SubplanType' => 'MAJ'
                       },
                       {
                         'SubPlanCode' => 'STAT-MAJ',
                         'Units' => '48',
                         'Name' => 'Statistics',
                         'SubplanType' => 'MAJ'
                       },
                       {
                         'SubPlanCode' => 'SUSC-MAJ',
                         'Units' => '48',
                         'Name' => 'Sustainability Science',
                         'SubplanType' => 'MAJ'
                       },
                       {
                         'SubPlanCode' => 'SESY-MAJ',
                         'Units' => '48',
                         'Name' => 'Sustainable Energy Systems',
                         'SubplanType' => 'MAJ'
                       },
                       {
                         'SubPlanCode' => 'SUSY-MAJ',
                         'Units' => '48',
                         'Name' => 'Sustainable Systems',
                         'SubplanType' => 'MAJ'
                       },
                       {
                         'SubPlanCode' => 'TEXT-MAJ',
                         'Units' => '48',
                         'Name' => 'Textiles',
                         'SubplanType' => 'MAJ'
                       },
                       {
                         'SubPlanCode' => 'TDAR-MAJ',
                         'Units' => '48',
                         'Name' => 'Textiles Design Arts',
                         'SubplanType' => 'MAJ'
                       },
                       {
                         'SubPlanCode' => 'THAI-MAJ',
                         'Units' => '48',
                         'Name' => 'Thai Language',
                         'SubplanType' => 'MAJ'
                       },
                       {
                         'SubPlanCode' => 'THPH-MAJ',
                         'Units' => '48',
                         'Name' => 'Theoretical Physics',
                         'SubplanType' => 'MAJ'
                       },
                       {
                         'SubPlanCode' => 'URDU-MAJ',
                         'Units' => '48',
                         'Name' => 'Urdu Language',
                         'SubplanType' => 'MAJ'
                       },
                       {
                         'SubPlanCode' => 'URPE-MAJ',
                         'Units' => '48',
                         'Name' => 'Urdu/Persian Language',
                         'SubplanType' => 'MAJ'
                       },
                       {
                         'SubPlanCode' => 'VIET-MAJ',
                         'Units' => '48',
                         'Name' => 'Vietnamese Language',
                         'SubplanType' => 'MAJ'
                       },
                       {
                         'SubPlanCode' => 'VAPR-MAJ',
                         'Units' => '48',
                         'Name' => 'Visual Arts Practice',
                         'SubplanType' => 'MAJ'
                       },
                       {
                         'SubPlanCode' => 'WASC-MAJ',
                         'Units' => '48',
                         'Name' => 'Water Science',
                         'SubplanType' => 'MAJ'
                       },
                       {
                         'SubPlanCode' => 'YIAS-MAJ',
                         'Units' => '48',
                         'Name' => 'Year in Asia',
                         'SubplanType' => 'MAJ'
                       }
                     ],
          'TotalCount' => 133
        };
